[debug] [2021-09-02T20:43:43.922Z] ----------------------------------------------------------------------
[debug] [2021-09-02T20:43:43.935Z] Command:       C:\Program Files\nodejs\node.exe C:\Users\olive\AppData\Roaming\npm\node_modules\firebase-tools\lib\bin\firebase.js serve
[debug] [2021-09-02T20:43:43.936Z] CLI Version:   9.16.5
[debug] [2021-09-02T20:43:43.937Z] Platform:      win32
[debug] [2021-09-02T20:43:43.937Z] Node Version:  v14.16.1
[debug] [2021-09-02T20:43:43.943Z] Time:          Thu Sep 02 2021 14:43:43 GMT-0600 (hora estándar central)
[debug] [2021-09-02T20:43:43.943Z] ----------------------------------------------------------------------
[debug] 
[debug] [2021-09-02T20:43:43.965Z] >>> [apiv2][query] GET https://firebase-public.firebaseio.com/cli.json [none]
[debug] [2021-09-02T20:43:44.201Z] > command requires scopes: ["email","openid","https://www.googleapis.com/auth/cloudplatformprojects.readonly","https://www.googleapis.com/auth/firebase","https://www.googleapis.com/auth/cloud-platform"]
[debug] [2021-09-02T20:43:44.201Z] > authorizing via signed-in user (dele19270@uvg.edu.gt)
[debug] [2021-09-02T20:43:44.201Z] [iam] checking project somos-1eb3a for permissions ["firebase.projects.get"]
[debug] [2021-09-02T20:43:44.203Z] > refreshing access token with scopes: ["email","https://www.googleapis.com/auth/cloud-platform","https://www.googleapis.com/auth/cloudplatformprojects.readonly","https://www.googleapis.com/auth/firebase","openid"]
[debug] [2021-09-02T20:43:44.204Z] >>> HTTP REQUEST POST https://www.googleapis.com/oauth2/v3/token  
 <request body omitted>
[debug] [2021-09-02T20:43:44.489Z] <<< HTTP RESPONSE 200 {"expires":"Mon, 01 Jan 1990 00:00:00 GMT","date":"Thu, 02 Sep 2021 20:43:45 GMT","pragma":"no-cache","cache-control":"no-cache, no-store, max-age=0, must-revalidate","content-type":"application/json; charset=utf-8","vary":"X-Origin, Referer, Origin,Accept-Encoding","server":"scaffolding on HTTPServer2","x-xss-protection":"0","x-frame-options":"SAMEORIGIN","x-content-type-options":"nosniff","alt-svc":"h3=\":443\"; ma=2592000,h3-29=\":443\"; ma=2592000,h3-T051=\":443\"; ma=2592000,h3-Q050=\":443\"; ma=2592000,h3-Q046=\":443\"; ma=2592000,h3-Q043=\":443\"; ma=2592000,quic=\":443\"; ma=2592000; v=\"46,43\"","accept-ranges":"none","transfer-encoding":"chunked"}
[debug] [2021-09-02T20:43:44.567Z] >>> HTTP REQUEST POST https://cloudresourcemanager.googleapis.com/v1/projects/somos-1eb3a:testIamPermissions  
 {"permissions":["firebase.projects.get"]}
[debug] [2021-09-02T20:43:44.583Z] <<< [apiv2][status] GET https://firebase-public.firebaseio.com/cli.json 200
[debug] [2021-09-02T20:43:44.583Z] <<< [apiv2][body] GET https://firebase-public.firebaseio.com/cli.json {"cloudBuildErrorAfter":1594252800000,"cloudBuildWarnAfter":1590019200000,"defaultNode10After":1594252800000,"minVersion":"3.0.5","node8DeploysDisabledAfter":1613390400000,"node8RuntimeDisabledAfter":1615809600000,"node8WarnAfter":1600128000000}
[debug] [2021-09-02T20:43:45.090Z] <<< HTTP RESPONSE 200 {"content-type":"application/json; charset=UTF-8","vary":"X-Origin, Referer, Origin,Accept-Encoding","date":"Thu, 02 Sep 2021 20:43:45 GMT","server":"ESF","cache-control":"private","x-xss-protection":"0","x-frame-options":"SAMEORIGIN","x-content-type-options":"nosniff","server-timing":"gfet4t7; dur=213","alt-svc":"h3=\":443\"; ma=2592000,h3-29=\":443\"; ma=2592000,h3-T051=\":443\"; ma=2592000,h3-Q050=\":443\"; ma=2592000,h3-Q046=\":443\"; ma=2592000,h3-Q043=\":443\"; ma=2592000,quic=\":443\"; ma=2592000; v=\"46,43\"","accept-ranges":"none","transfer-encoding":"chunked"}
[debug] [2021-09-02T20:43:45.092Z] [iam] error while checking permissions, command may fail: FirebaseError: Authorization failed. This account is missing the following required permissions on project somos-1eb3a:

  firebase.projects.get
[debug] [2021-09-02T20:43:45.093Z] > refreshing access token with scopes: []
[debug] [2021-09-02T20:43:45.093Z] >>> HTTP REQUEST POST https://www.googleapis.com/oauth2/v3/token  
 <request body omitted>
[debug] [2021-09-02T20:43:45.281Z] <<< HTTP RESPONSE 200 {"date":"Thu, 02 Sep 2021 20:43:46 GMT","cache-control":"no-cache, no-store, max-age=0, must-revalidate","expires":"Mon, 01 Jan 1990 00:00:00 GMT","pragma":"no-cache","content-type":"application/json; charset=utf-8","vary":"X-Origin, Referer, Origin,Accept-Encoding","server":"scaffolding on HTTPServer2","x-xss-protection":"0","x-frame-options":"SAMEORIGIN","x-content-type-options":"nosniff","alt-svc":"h3=\":443\"; ma=2592000,h3-29=\":443\"; ma=2592000,h3-T051=\":443\"; ma=2592000,h3-Q050=\":443\"; ma=2592000,h3-Q046=\":443\"; ma=2592000,h3-Q043=\":443\"; ma=2592000,quic=\":443\"; ma=2592000; v=\"46,43\"","accept-ranges":"none","transfer-encoding":"chunked"}
[debug] [2021-09-02T20:43:45.367Z] >>> [apiv2][query] GET https://firebase.googleapis.com/v1beta1/projects/somos-1eb3a [none]
[debug] [2021-09-02T20:43:45.828Z] <<< [apiv2][status] GET https://firebase.googleapis.com/v1beta1/projects/somos-1eb3a 403
[debug] [2021-09-02T20:43:45.828Z] <<< [apiv2][body] GET https://firebase.googleapis.com/v1beta1/projects/somos-1eb3a {"error":{"code":403,"message":"The caller does not have permission","status":"PERMISSION_DENIED"}}
[debug] [2021-09-02T20:43:45.828Z] HTTP Error: 403, The caller does not have permission
[debug] [2021-09-02T20:43:46.034Z] FirebaseError: HTTP Error: 403, The caller does not have permission
    at module.exports (C:\Users\olive\AppData\Roaming\npm\node_modules\firebase-tools\lib\responseToError.js:38:12)
    at Client.doRequest (C:\Users\olive\AppData\Roaming\npm\node_modules\firebase-tools\lib\apiv2.js:238:23)
    at processTicksAndRejections (internal/process/task_queues.js:93:5)
    at async Client.request (C:\Users\olive\AppData\Roaming\npm\node_modules\firebase-tools\lib\apiv2.js:96:20)
    at async Object.getFirebaseProject (C:\Users\olive\AppData\Roaming\npm\node_modules\firebase-tools\lib\management\projects.js:290:21)
    at async needProjectNumber (C:\Users\olive\AppData\Roaming\npm\node_modules\firebase-tools\lib\projectUtils.js:46:22)
    at async C:\Users\olive\AppData\Roaming\npm\node_modules\firebase-tools\lib\command.js:182:17
[error] 
[error] Error: Failed to get Firebase project somos-1eb3a. Please make sure the project exists and your account has permission to access it.
